<html>
<head>
<title>TestNG:  Default test</title>
<link href="../testng.css" rel="stylesheet" type="text/css" />
<link href="../my-testng.css" rel="stylesheet" type="text/css" />

<style type="text/css">
.log { display: none;} 
.stack-trace { display: none;} 
</style>
<script type="text/javascript">
<!--
function flip(e) {
  current = e.style.display;
  if (current == 'block') {
    e.style.display = 'none';
    return 0;
  }
  else {
    e.style.display = 'block';
    return 1;
  }
}

function toggleBox(szDivId, elem, msg1, msg2)
{
  var res = -1;  if (document.getElementById) {
    res = flip(document.getElementById(szDivId));
  }
  else if (document.all) {
    // this is the way old msie versions work
    res = flip(document.all[szDivId]);
  }
  if(elem) {
    if(res == 0) elem.innerHTML = msg1; else elem.innerHTML = msg2;
  }

}

function toggleAllBoxes() {
  if (document.getElementsByTagName) {
    d = document.getElementsByTagName('div');
    for (i = 0; i < d.length; i++) {
      if (d[i].className == 'log') {
        flip(d[i]);
      }
    }
  }
}

// -->
</script>

</head>
<body>
<h2 align='center'>Default test</h2><table border='1' align="center">
<tr>
<td>Tests passed/Failed/Skipped:</td><td>5/5/0</td>
</tr><tr>
<td>Started on:</td><td>Thu Jul 17 09:18:53 IST 2025</td>
</tr>
<tr><td>Total time:</td><td>40 seconds (40395 ms)</td>
</tr><tr>
<td>Included groups:</td><td></td>
</tr><tr>
<td>Excluded groups:</td><td></td>
</tr>
</table><p/>
<small><i>(Hover the method name to see the test class name)</i></small><p/>
<table width='100%' border='1' class='invocation-failed'>
<tr><td colspan='4' align='center'><b>FAILED TESTS</b></td></tr>
<tr><td><b>Test method</b></td>
<td><b>Attribute(s)</b></td>
<td width="30%"><b>Exception</b></td>
<td width="10%"><b>Time (seconds)</b></td>
<td><b>Instance</b></td>
</tr>
<tr>
<td title='runner.runnerTest.runScenario()'><b>runScenario</b><br>Test class: runner.runnerTest<br>Test method: Runs Cucumber Scenarios<br>Parameters: "LOGIN - UNSUCCESSFUL by a user", "API test"</td>
<td><div><pre>java.lang.AssertionError: expected [401] but found [400]
	at org.testng.Assert.fail(Assert.java:110)
	at org.testng.Assert.failNotEquals(Assert.java:1413)
	at org.testng.Assert.assertEqualsImpl(Assert.java:149)
	at org.testng.Assert.assertEquals(Assert.java:131)
	at org.testng.Assert.assertEquals(Assert.java:1240)
	at org.testng.Assert.assertEquals(Assert.java:1274)
	at stepdefinitions.APIStepDefinition.iShouldGetAResponseCodeOf(APIStepDefinition.java:108)
	at ✽.I should get a response code of 400(file:///C:/Users/acer/Downloads/QumuQaTask/QumuQaTask/src/test/resources/features/API-Test.feature:43)
</pre></div><a href='#' onClick='toggleBox("stack-trace80261050", this, "Click to show all stack frames", "Click to hide stack frames")'>Click to show all stack frames</a>
<div class='stack-trace' id='stack-trace80261050'><pre>java.lang.AssertionError: expected [401] but found [400]
	at org.testng.Assert.fail(Assert.java:110)
	at org.testng.Assert.failNotEquals(Assert.java:1413)
	at org.testng.Assert.assertEqualsImpl(Assert.java:149)
	at org.testng.Assert.assertEquals(Assert.java:131)
	at org.testng.Assert.assertEquals(Assert.java:1240)
	at org.testng.Assert.assertEquals(Assert.java:1274)
	at stepdefinitions.APIStepDefinition.iShouldGetAResponseCodeOf(APIStepDefinition.java:108)
	at ✽.I should get a response code of 400(file:///C:/Users/acer/Downloads/QumuQaTask/QumuQaTask/src/test/resources/features/API-Test.feature:43)
</pre></div></td>
<td>1</td>
<td>runner.runnerTest@367ffa75</td></tr>
<tr>
<td title='runner.runnerTest.runScenario()'><b>runScenario</b><br>Test class: runner.runnerTest<br>Test method: Runs Cucumber Scenarios<br>Parameters: "Should see LIST USERS of all existing users", "API test"</td>
<td><div><pre>java.lang.RuntimeException: API failed with status code: 401
	at pages.APIPage.getAllUserIds(APIPage.java:42)
	at stepdefinitions.APIStepDefinition.iGetTheListOfAllUsers(APIStepDefinition.java:41)
	at ✽.I get the list of all users within every page(file:///C:/Users/acer/Downloads/QumuQaTask/QumuQaTask/src/test/resources/features/API-Test.feature:6)
</pre></div><a href='#' onClick='toggleBox("stack-trace887127653", this, "Click to show all stack frames", "Click to hide stack frames")'>Click to show all stack frames</a>
<div class='stack-trace' id='stack-trace887127653'><pre>java.lang.RuntimeException: API failed with status code: 401
	at pages.APIPage.getAllUserIds(APIPage.java:42)
	at stepdefinitions.APIStepDefinition.iGetTheListOfAllUsers(APIStepDefinition.java:41)
	at ✽.I get the list of all users within every page(file:///C:/Users/acer/Downloads/QumuQaTask/QumuQaTask/src/test/resources/features/API-Test.feature:6)
</pre></div></td>
<td>4</td>
<td>runner.runnerTest@367ffa75</td></tr>
<tr>
<td title='runner.runnerTest.runScenario()'><b>runScenario</b><br>Test class: runner.runnerTest<br>Test method: Runs Cucumber Scenarios<br>Parameters: "LOGIN - SUCCESSFUL by a user", "API test"</td>
<td><div><pre>java.lang.AssertionError: expected [401] but found [200]
	at org.testng.Assert.fail(Assert.java:110)
	at org.testng.Assert.failNotEquals(Assert.java:1413)
	at org.testng.Assert.assertEqualsImpl(Assert.java:149)
	at org.testng.Assert.assertEquals(Assert.java:131)
	at org.testng.Assert.assertEquals(Assert.java:1240)
	at org.testng.Assert.assertEquals(Assert.java:1274)
	at stepdefinitions.APIStepDefinition.iShouldGetAResponseCodeOf(APIStepDefinition.java:108)
	at ✽.I should get a response code of 200(file:///C:/Users/acer/Downloads/QumuQaTask/QumuQaTask/src/test/resources/features/API-Test.feature:37)
</pre></div><a href='#' onClick='toggleBox("stack-trace1365245749", this, "Click to show all stack frames", "Click to hide stack frames")'>Click to show all stack frames</a>
<div class='stack-trace' id='stack-trace1365245749'><pre>java.lang.AssertionError: expected [401] but found [200]
	at org.testng.Assert.fail(Assert.java:110)
	at org.testng.Assert.failNotEquals(Assert.java:1413)
	at org.testng.Assert.assertEqualsImpl(Assert.java:149)
	at org.testng.Assert.assertEquals(Assert.java:131)
	at org.testng.Assert.assertEquals(Assert.java:1240)
	at org.testng.Assert.assertEquals(Assert.java:1274)
	at stepdefinitions.APIStepDefinition.iShouldGetAResponseCodeOf(APIStepDefinition.java:108)
	at ✽.I should get a response code of 200(file:///C:/Users/acer/Downloads/QumuQaTask/QumuQaTask/src/test/resources/features/API-Test.feature:37)
</pre></div></td>
<td>1</td>
<td>runner.runnerTest@367ffa75</td></tr>
<tr>
<td title='runner.runnerTest.runScenario()'><b>runScenario</b><br>Test class: runner.runnerTest<br>Test method: Runs Cucumber Scenarios<br>Parameters: "Should see the list of users with DELAYED RESPONSE", "API test"</td>
<td><div><pre>java.lang.AssertionError: User IDs list is null expected object to not be null
	at org.testng.Assert.fail(Assert.java:110)
	at org.testng.Assert.assertNotNull(Assert.java:1319)
	at stepdefinitions.APIStepDefinition.iShouldSeeThatEveryUserHasAUniqueID(APIStepDefinition.java:101)
	at ✽.I should see that every user has a unique id(file:///C:/Users/acer/Downloads/QumuQaTask/QumuQaTask/src/test/resources/features/API-Test.feature:49)
</pre></div><a href='#' onClick='toggleBox("stack-trace379409767", this, "Click to show all stack frames", "Click to hide stack frames")'>Click to show all stack frames</a>
<div class='stack-trace' id='stack-trace379409767'><pre>java.lang.AssertionError: User IDs list is null expected object to not be null
	at org.testng.Assert.fail(Assert.java:110)
	at org.testng.Assert.assertNotNull(Assert.java:1319)
	at stepdefinitions.APIStepDefinition.iShouldSeeThatEveryUserHasAUniqueID(APIStepDefinition.java:101)
	at ✽.I should see that every user has a unique id(file:///C:/Users/acer/Downloads/QumuQaTask/QumuQaTask/src/test/resources/features/API-Test.feature:49)
</pre></div></td>
<td>13</td>
<td>runner.runnerTest@367ffa75</td></tr>
<tr>
<td title='runner.runnerTest.runScenario()'><b>runScenario</b><br>Test class: runner.runnerTest<br>Test method: Runs Cucumber Scenarios<br>Parameters: "Should see SINGLE USER data", "API test"</td>
<td><div><pre>java.lang.AssertionError: Expected 200 OK but got: 401 expected [200] but found [401]
	at org.testng.Assert.fail(Assert.java:110)
	at org.testng.Assert.failNotEquals(Assert.java:1413)
	at org.testng.Assert.assertEqualsImpl(Assert.java:149)
	at org.testng.Assert.assertEquals(Assert.java:131)
	at org.testng.Assert.assertEquals(Assert.java:1240)
	at stepdefinitions.APIStepDefinition.IShouldSeeFollowingUserData(APIStepDefinition.java:58)
	at ✽.I should see the following user data(file:///C:/Users/acer/Downloads/QumuQaTask/QumuQaTask/src/test/resources/features/API-Test.feature:12)
</pre></div><a href='#' onClick='toggleBox("stack-trace415117829", this, "Click to show all stack frames", "Click to hide stack frames")'>Click to show all stack frames</a>
<div class='stack-trace' id='stack-trace415117829'><pre>java.lang.AssertionError: Expected 200 OK but got: 401 expected [200] but found [401]
	at org.testng.Assert.fail(Assert.java:110)
	at org.testng.Assert.failNotEquals(Assert.java:1413)
	at org.testng.Assert.assertEqualsImpl(Assert.java:149)
	at org.testng.Assert.assertEquals(Assert.java:131)
	at org.testng.Assert.assertEquals(Assert.java:1240)
	at stepdefinitions.APIStepDefinition.IShouldSeeFollowingUserData(APIStepDefinition.java:58)
	at ✽.I should see the following user data(file:///C:/Users/acer/Downloads/QumuQaTask/QumuQaTask/src/test/resources/features/API-Test.feature:12)
</pre></div></td>
<td>1</td>
<td>runner.runnerTest@367ffa75</td></tr>
</table><p>
<table width='100%' border='1' class='invocation-passed'>
<tr><td colspan='4' align='center'><b>PASSED TESTS</b></td></tr>
<tr><td><b>Test method</b></td>
<td><b>Attribute(s)</b></td>
<td width="30%"><b>Exception</b></td>
<td width="10%"><b>Time (seconds)</b></td>
<td><b>Instance</b></td>
</tr>
<tr>
<td title='runner.runnerTest.runScenario()'><b>runScenario</b><br>Test class: runner.runnerTest<br>Test method: Runs Cucumber Scenarios<br>Parameters: "Check item total cost and tax", "Checkout items in the basket"</td>
<td></td>
<td>12</td>
<td>runner.runnerTest@367ffa75</td></tr>
<tr>
<td title='runner.runnerTest.runScenario()'><b>runScenario</b><br>Test class: runner.runnerTest<br>Test method: Runs Cucumber Scenarios<br>Parameters: "CREATE a user", "API test"</td>
<td></td>
<td>1</td>
<td>runner.runnerTest@367ffa75</td></tr>
<tr>
<td title='runner.runnerTest.runScenario()'><b>runScenario</b><br>Test class: runner.runnerTest<br>Test method: Runs Cucumber Scenarios<br>Parameters: "Should see SINGLE USER NOT FOUND error code", "API test"</td>
<td></td>
<td>1</td>
<td>runner.runnerTest@367ffa75</td></tr>
<tr>
<td title='runner.runnerTest.runScenario()'><b>runScenario</b><br>Test class: runner.runnerTest<br>Test method: Runs Cucumber Scenarios<br>Parameters: "CREATE a user", "API test"</td>
<td></td>
<td>1</td>
<td>runner.runnerTest@367ffa75</td></tr>
<tr>
<td title='runner.runnerTest.runScenario()'><b>runScenario</b><br>Test class: runner.runnerTest<br>Test method: Runs Cucumber Scenarios<br>Parameters: "Sample", "Qumu  Sample Test"</td>
<td></td>
<td>1</td>
<td>runner.runnerTest@367ffa75</td></tr>
</table><p>
</body>
</html>