-------------------------------------------------------------------------------
Test set: TestSuite
-------------------------------------------------------------------------------
Tests run: 10, Failures: 6, Errors: 0, Skipped: 0, Time elapsed: 55.33 s <<< FAILURE! -- in TestSuite
runner.runnerTest.runScenario["Should see LIST USERS of all existing users", "API test"](1) -- Time elapsed: 4.053 s <<< FAILURE!
java.lang.RuntimeException: API failed with status code: 401
	at pages.APIPage.getAllUserIds(APIPage.java:41)
	at stepdefinitions.APIStepDefinition.iGetTheListOfAllUsers(APIStepDefinition.java:41)
	at ✽.I get the list of all users within every page(file:///C:/Users/acer/Downloads/QumuQaTask/QumuQaTask/src/test/resources/features/API-Test.feature:6)

runner.runnerTest.runScenario["Should see SINGLE USER data", "API test"](2) -- Time elapsed: 1.434 s <<< FAILURE!
java.lang.AssertionError: Expected 200 OK but got: 401 expected [200] but found [401]
	at org.testng.Assert.fail(Assert.java:110)
	at org.testng.Assert.failNotEquals(Assert.java:1413)
	at org.testng.Assert.assertEqualsImpl(Assert.java:149)
	at org.testng.Assert.assertEquals(Assert.java:131)
	at org.testng.Assert.assertEquals(Assert.java:1240)
	at stepdefinitions.APIStepDefinition.IShouldSeeFollowingUserData(APIStepDefinition.java:58)
	at ✽.I should see the following user data(file:///C:/Users/acer/Downloads/QumuQaTask/QumuQaTask/src/test/resources/features/API-Test.feature:12)

runner.runnerTest.runScenario["LOGIN - SUCCESSFUL by a user", "API test"](6) -- Time elapsed: 1.503 s <<< FAILURE!
java.lang.AssertionError: expected [401] but found [200]
	at org.testng.Assert.fail(Assert.java:110)
	at org.testng.Assert.failNotEquals(Assert.java:1413)
	at org.testng.Assert.assertEqualsImpl(Assert.java:149)
	at org.testng.Assert.assertEquals(Assert.java:131)
	at org.testng.Assert.assertEquals(Assert.java:1240)
	at org.testng.Assert.assertEquals(Assert.java:1274)
	at stepdefinitions.APIStepDefinition.iShouldGetAResponseCodeOf(APIStepDefinition.java:108)
	at ✽.I should get a response code of 200(file:///C:/Users/acer/Downloads/QumuQaTask/QumuQaTask/src/test/resources/features/API-Test.feature:37)

runner.runnerTest.runScenario["LOGIN - UNSUCCESSFUL by a user", "API test"](7) -- Time elapsed: 1.653 s <<< FAILURE!
java.lang.AssertionError: expected [401] but found [400]
	at org.testng.Assert.fail(Assert.java:110)
	at org.testng.Assert.failNotEquals(Assert.java:1413)
	at org.testng.Assert.assertEqualsImpl(Assert.java:149)
	at org.testng.Assert.assertEquals(Assert.java:131)
	at org.testng.Assert.assertEquals(Assert.java:1240)
	at org.testng.Assert.assertEquals(Assert.java:1274)
	at stepdefinitions.APIStepDefinition.iShouldGetAResponseCodeOf(APIStepDefinition.java:108)
	at ✽.I should get a response code of 400(file:///C:/Users/acer/Downloads/QumuQaTask/QumuQaTask/src/test/resources/features/API-Test.feature:43)

runner.runnerTest.runScenario["Should see the list of users with DELAYED RESPONSE", "API test"](8) -- Time elapsed: 13.66 s <<< FAILURE!
java.lang.AssertionError: User IDs list is null expected object to not be null
	at org.testng.Assert.fail(Assert.java:110)
	at org.testng.Assert.assertNotNull(Assert.java:1319)
	at stepdefinitions.APIStepDefinition.iShouldSeeThatEveryUserHasAUniqueID(APIStepDefinition.java:101)
	at ✽.I should see that every user has a unique id(file:///C:/Users/acer/Downloads/QumuQaTask/QumuQaTask/src/test/resources/features/API-Test.feature:49)

runner.runnerTest.runScenario["Check item total cost and tax", "Checkout items in the basket"](10) -- Time elapsed: 26.08 s <<< FAILURE!
java.lang.AssertionError: expected [1] but found [4]
	at org.testng.Assert.fail(Assert.java:110)
	at org.testng.Assert.failNotEquals(Assert.java:1413)
	at org.testng.Assert.assertEqualsImpl(Assert.java:149)
	at org.testng.Assert.assertEquals(Assert.java:131)
	at org.testng.Assert.assertEquals(Assert.java:1240)
	at org.testng.Assert.assertEquals(Assert.java:1274)
	at stepdefinitions.UIStepDefination.i_should_see_items_added_to_the_shopping_cart(UIStepDefination.java:70)
	at ✽.I  should see 4 items added to the shopping cart(file:///C:/Users/acer/Downloads/QumuQaTask/QumuQaTask/src/test/resources/features/UI-Test.feature:14)

