<?xml version="1.0" encoding="UTF-8"?>
<!-- Generated by org.testng.reporters.JUnitReportReporter -->
<testsuite hostname="DESKTOP-O9NB743" failures="5" tests="10" name="runner.runnerTest" time="54.365" errors="1" timestamp="2025-07-17T09:26:47 IST" skipped="0">
  <testcase classname="runner.runnerTest" name="runScenario" time="26.078">
    <failure message="expected [1] but found [4]" type="java.lang.AssertionError">
      <![CDATA[java.lang.AssertionError: expected [1] but found [4]
at org.testng.Assert.fail(Assert.java:110)
at org.testng.Assert.failNotEquals(Assert.java:1413)
at org.testng.Assert.assertEqualsImpl(Assert.java:149)
at org.testng.Assert.assertEquals(Assert.java:131)
at org.testng.Assert.assertEquals(Assert.java:1240)
at org.testng.Assert.assertEquals(Assert.java:1274)
at stepdefinitions.UIStepDefination.i_should_see_items_added_to_the_shopping_cart(UIStepDefination.java:70)
at ✽.I  should see 4 items added to the shopping cart(file:///C:/Users/acer/Downloads/QumuQaTask/QumuQaTask/src/test/resources/features/UI-Test.feature:14)
]]>
    </failure>
  </testcase> <!-- runScenario -->
  <system-out/>
  <testcase classname="runner.runnerTest" name="runScenario" time="4.051">
    <error message="API failed with status code: 401" type="java.lang.RuntimeException">
      <![CDATA[java.lang.RuntimeException: API failed with status code: 401
at pages.APIPage.getAllUserIds(APIPage.java:41)
at stepdefinitions.APIStepDefinition.iGetTheListOfAllUsers(APIStepDefinition.java:41)
at ✽.I get the list of all users within every page(file:///C:/Users/acer/Downloads/QumuQaTask/QumuQaTask/src/test/resources/features/API-Test.feature:6)
]]>
    </error>
  </testcase> <!-- runScenario -->
  <system-out/>
  <testcase classname="runner.runnerTest" name="runScenario" time="1.487"/>
  <system-out/>
  <testcase classname="runner.runnerTest" name="runScenario" time="1.574"/>
  <system-out/>
  <testcase classname="runner.runnerTest" name="runScenario" time="1.503">
    <failure message="expected [401] but found [200]" type="java.lang.AssertionError">
      <![CDATA[java.lang.AssertionError: expected [401] but found [200]
at org.testng.Assert.fail(Assert.java:110)
at org.testng.Assert.failNotEquals(Assert.java:1413)
at org.testng.Assert.assertEqualsImpl(Assert.java:149)
at org.testng.Assert.assertEquals(Assert.java:131)
at org.testng.Assert.assertEquals(Assert.java:1240)
at org.testng.Assert.assertEquals(Assert.java:1274)
at stepdefinitions.APIStepDefinition.iShouldGetAResponseCodeOf(APIStepDefinition.java:108)
at ✽.I should get a response code of 200(file:///C:/Users/acer/Downloads/QumuQaTask/QumuQaTask/src/test/resources/features/API-Test.feature:37)
]]>
    </failure>
  </testcase> <!-- runScenario -->
  <system-out/>
  <testcase classname="runner.runnerTest" name="runScenario" time="1.435">
    <failure message="Expected 200 OK but got: 401 expected [200] but found [401]" type="java.lang.AssertionError">
      <![CDATA[java.lang.AssertionError: Expected 200 OK but got: 401 expected [200] but found [401]
at org.testng.Assert.fail(Assert.java:110)
at org.testng.Assert.failNotEquals(Assert.java:1413)
at org.testng.Assert.assertEqualsImpl(Assert.java:149)
at org.testng.Assert.assertEquals(Assert.java:131)
at org.testng.Assert.assertEquals(Assert.java:1240)
at stepdefinitions.APIStepDefinition.IShouldSeeFollowingUserData(APIStepDefinition.java:58)
at ✽.I should see the following user data(file:///C:/Users/acer/Downloads/QumuQaTask/QumuQaTask/src/test/resources/features/API-Test.feature:12)
]]>
    </failure>
  </testcase> <!-- runScenario -->
  <system-out/>
  <testcase classname="runner.runnerTest" name="runScenario" time="13.661">
    <failure message="User IDs list is null expected object to not be null" type="java.lang.AssertionError">
      <![CDATA[java.lang.AssertionError: User IDs list is null expected object to not be null
at org.testng.Assert.fail(Assert.java:110)
at org.testng.Assert.assertNotNull(Assert.java:1319)
at stepdefinitions.APIStepDefinition.iShouldSeeThatEveryUserHasAUniqueID(APIStepDefinition.java:101)
at ✽.I should see that every user has a unique id(file:///C:/Users/acer/Downloads/QumuQaTask/QumuQaTask/src/test/resources/features/API-Test.feature:49)
]]>
    </failure>
  </testcase> <!-- runScenario -->
  <system-out/>
  <testcase classname="runner.runnerTest" name="runScenario" time="1.169"/>
  <system-out/>
  <testcase classname="runner.runnerTest" name="runScenario" time="1.654">
    <failure message="expected [401] but found [400]" type="java.lang.AssertionError">
      <![CDATA[java.lang.AssertionError: expected [401] but found [400]
at org.testng.Assert.fail(Assert.java:110)
at org.testng.Assert.failNotEquals(Assert.java:1413)
at org.testng.Assert.assertEqualsImpl(Assert.java:149)
at org.testng.Assert.assertEquals(Assert.java:131)
at org.testng.Assert.assertEquals(Assert.java:1240)
at org.testng.Assert.assertEquals(Assert.java:1274)
at stepdefinitions.APIStepDefinition.iShouldGetAResponseCodeOf(APIStepDefinition.java:108)
at ✽.I should get a response code of 400(file:///C:/Users/acer/Downloads/QumuQaTask/QumuQaTask/src/test/resources/features/API-Test.feature:43)
]]>
    </failure>
  </testcase> <!-- runScenario -->
  <system-out/>
  <testcase classname="runner.runnerTest" name="runScenario" time="1.753"/>
  <system-out/>
</testsuite> <!-- runner.runnerTest -->
